[2025-03-18 03:11:03] [INFO]: Mengirim notifikasi WhatsApp {"recipient":"+6281252461026","form_id":19}
[2025-03-18 03:11:04] [ERROR]: Error dari API WhatsApp {"status":500,"response":{"sukses":false,"pesan":"Gagal mengirim notifikasi WhatsApp","error":"Protocol error (Runtime.callFunctionOn): Session closed. Most likely the page has been closed."}}
[2025-03-18 03:12:48] [INFO]: Mengirim notifikasi WhatsApp {"recipient":"+6281252461026","form_id":19}
[2025-03-18 03:12:48] [INFO]: Notifikasi berhasil dikirim {"response":{"sukses":true,"pesan":"Notifikasi WhatsApp terkirim!","id":"3EB0BE739D2F9D414258AB"}}
[2025-03-18 03:13:00] [INFO]: Mengirim notifikasi WhatsApp {"recipient":"+6281252461026","form_id":19}
[2025-03-18 03:13:00] [INFO]: Notifikasi berhasil dikirim {"response":{"sukses":true,"pesan":"Notifikasi WhatsApp terkirim!","id":"3EB0F08284364D51C6BFA1"}}
[2025-03-18 03:13:31] [INFO]: Mengirim notifikasi WhatsApp {"recipient":"+6281252461026","form_id":19}
[2025-03-18 03:13:32] [INFO]: Notifikasi berhasil dikirim {"response":{"sukses":true,"pesan":"Notifikasi WhatsApp terkirim!","id":"3EB0FEBD8CA88C4BA72C22"}}
[2025-03-18 04:39:12] [INFO]: Mengirim notifikasi WhatsApp {"recipient":"+6282116086024","form_id":12}
[2025-03-18 04:39:12] [ERROR]: Error dari API WhatsApp {"status":404,"response":null}
[2025-03-18 08:16:32] [INFO]: Notifikasi tidak diaktifkan untuk form #11 
[2025-03-18 11:29:48] [INFO]: Notifikasi tidak diaktifkan untuk form #11 
[2025-03-18 13:46:11] [INFO]: Mengirim notifikasi WhatsApp {"recipient":"+6282116086024","form_id":null}
[2025-03-18 13:46:12] [INFO]: Notifikasi berhasil dikirim {"response":{"sukses":true,"pesan":"Notifikasi WhatsApp terkirim!","id":"3EB0A971E4812C6F63054D"}}
[2025-03-18 14:12:29] [INFO]: Mengirim notifikasi WhatsApp {"recipient":"+6282116086024","form_id":12}
[2025-03-18 14:12:29] [INFO]: Notifikasi berhasil dikirim {"response":{"sukses":true,"pesan":"Notifikasi WhatsApp terkirim!","id":"3EB0DF2588AC1EA6F8D3BC"}}
[2025-03-18 14:13:19] [INFO]: Mengirim notifikasi WhatsApp {"recipient":"+6281252461026","form_id":12}
[2025-03-18 14:13:19] [INFO]: Notifikasi berhasil dikirim {"response":{"sukses":true,"pesan":"Notifikasi WhatsApp terkirim!","id":"3EB034404ADE404B28657C"}}
[2025-03-18 14:18:09] [INFO]: Mengirim notifikasi WhatsApp {"recipient":"+6282116086024","form_id":12}
[2025-03-18 14:18:09] [INFO]: Notifikasi berhasil dikirim {"response":{"sukses":true,"pesan":"Notifikasi WhatsApp terkirim!","id":"3EB077EEEFD5A0D3A65884"}}
[2025-03-18 15:45:36] [INFO]: Mengirim notifikasi WhatsApp {"recipient":"+6282116086024","form_id":17}
[2025-03-18 15:45:36] [INFO]: Notifikasi berhasil dikirim {"response":{"sukses":true,"pesan":"Notifikasi WhatsApp terkirim!","id":"3EB06D85EA1767CC291B56"}}
[2025-03-18 16:08:43] [INFO]: Mengirim notifikasi WhatsApp {"recipient":"+6282116086024","form_id":17}
[2025-03-18 16:08:44] [INFO]: Notifikasi berhasil dikirim {"response":{"sukses":true,"pesan":"Notifikasi WhatsApp terkirim!","id":"3EB08F7365FDF9B7083352"}}
[2025-03-18 16:09:06] [INFO]: Mengirim notifikasi WhatsApp {"recipient":"+6281252461026","form_id":17}
[2025-03-18 16:09:06] [INFO]: Notifikasi berhasil dikirim {"response":{"sukses":true,"pesan":"Notifikasi WhatsApp terkirim!","id":"3EB077C70F87B0A48642B9"}}
[2025-03-18 16:09:34] [INFO]: Mengirim notifikasi WhatsApp {"recipient":"+6282116086024","form_id":17}
[2025-03-18 16:09:34] [INFO]: Notifikasi berhasil dikirim {"response":{"sukses":true,"pesan":"Notifikasi WhatsApp terkirim!","id":"3EB02EF9FDE781B03BD2AB"}}
[2025-03-18 16:10:32] [INFO]: Mengirim notifikasi WhatsApp {"recipient":"+6282116086024","form_id":17}
[2025-03-18 16:10:33] [INFO]: Notifikasi berhasil dikirim {"response":{"sukses":true,"pesan":"Notifikasi WhatsApp terkirim!","id":"3EB0EE2EEF349FDAA9B8C4"}}
[2025-03-18 16:11:01] [INFO]: Mengirim notifikasi WhatsApp {"recipient":"+6282116086024","form_id":17}
[2025-03-18 16:11:01] [INFO]: Notifikasi berhasil dikirim {"response":{"sukses":true,"pesan":"Notifikasi WhatsApp terkirim!","id":"3EB085A0C8A802EE147319"}}
[2025-03-18 16:11:07] [INFO]: Mengirim notifikasi WhatsApp {"recipient":"+6281252461026","form_id":17}
[2025-03-18 16:11:07] [INFO]: Notifikasi berhasil dikirim {"response":{"sukses":true,"pesan":"Notifikasi WhatsApp terkirim!","id":"3EB05DD62E71D679839F47"}}
[2025-03-18 16:31:49] [INFO]: Mengirim notifikasi WhatsApp {"recipient":"+6281252461026","form_id":17}
[2025-03-18 16:31:49] [INFO]: Notifikasi berhasil dikirim {"response":{"sukses":true,"pesan":"Notifikasi WhatsApp terkirim!","id":"3EB01AA68C9B8A59D91DB4"}}
[2025-03-18 18:45:41] [INFO]: Mengirim notifikasi WhatsApp {"recipient":"+6282116086024","form_id":null}
[2025-03-18 18:45:41] [INFO]: Notifikasi berhasil dikirim {"response":{"sukses":true,"pesan":"Notifikasi WhatsApp terkirim!","id":"3EB0785C66495087A12F2E"}}
