[2025-03-17 03:02:06] [INFO]: Mengirim notifikasi WhatsApp {"recipient":"+6282116086024","form_id":null}
[2025-03-17 03:02:07] [INFO]: Notifikasi berhasil dikirim {"response":{"sukses":true,"pesan":"Notifikasi WhatsApp terkirim!","id":"3EB089FA0944693ABC37C9"}}
[2025-03-17 03:17:01] [INFO]: Mengirim notifikasi WhatsApp {"recipient":"+6282116086024","form_id":17}
[2025-03-17 03:17:02] [INFO]: Notifikasi berhasil dikirim {"response":{"sukses":true,"pesan":"Notifikasi WhatsApp terkirim!","id":"3EB028AFAE550F5B1C9D1D"}}
[2025-03-17 03:25:54] [INFO]: Mengirim notifikasi WhatsApp {"recipient":"+6282116086024","form_id":19}
[2025-03-17 03:25:55] [INFO]: Notifikasi berhasil dikirim {"response":{"sukses":true,"pesan":"Notifikasi WhatsApp terkirim!","id":"3EB08B78E67BBA47929744"}}
[2025-03-17 03:27:49] [INFO]: Mengirim notifikasi WhatsApp {"recipient":"+6282116086024","form_id":19}
[2025-03-17 03:27:52] [INFO]: Notifikasi berhasil dikirim {"response":{"sukses":true,"pesan":"Notifikasi WhatsApp terkirim!","id":"3EB01585F3BDD9EE4D8F71"}}
[2025-03-17 03:34:07] [INFO]: Mengirim notifikasi WhatsApp {"recipient":"+6282116086024","form_id":19}
[2025-03-17 03:34:08] [INFO]: Notifikasi berhasil dikirim {"response":{"sukses":true,"pesan":"Notifikasi WhatsApp terkirim!","id":"3EB090A408799C7FBE5422"}}
[2025-03-17 03:36:18] [INFO]: Mengirim notifikasi WhatsApp {"recipient":"+6282116086024","form_id":19}
[2025-03-17 03:36:20] [INFO]: Notifikasi berhasil dikirim {"response":{"sukses":true,"pesan":"Notifikasi WhatsApp terkirim!","id":"3EB05BBA7935B2293D963F"}}
[2025-03-17 03:44:11] [INFO]: Mengirim notifikasi WhatsApp {"recipient":"+6282116086024","form_id":19}
[2025-03-17 03:44:14] [INFO]: Notifikasi berhasil dikirim {"response":{"sukses":true,"pesan":"Notifikasi WhatsApp terkirim!","id":"3EB0A9CB9BC814C69302F3"}}
[2025-03-17 03:46:19] [INFO]: Mengirim notifikasi WhatsApp {"recipient":"+6282116086024","form_id":19}
[2025-03-17 03:46:20] [INFO]: Notifikasi berhasil dikirim {"response":{"sukses":true,"pesan":"Notifikasi WhatsApp terkirim!","id":"3EB0814105CCE1E0445DFB"}}
[2025-03-17 03:49:47] [INFO]: Mengirim notifikasi WhatsApp {"recipient":"+6281252461026","form_id":null}
[2025-03-17 03:49:48] [INFO]: Notifikasi berhasil dikirim {"response":{"sukses":true,"pesan":"Notifikasi WhatsApp terkirim!","id":"3EB08F4E67C42DA648DA76"}}
[2025-03-17 03:49:58] [INFO]: Mengirim notifikasi WhatsApp {"recipient":"+6281252461026","form_id":null}
[2025-03-17 03:49:58] [INFO]: Notifikasi berhasil dikirim {"response":{"sukses":true,"pesan":"Notifikasi WhatsApp terkirim!","id":"3EB05F53506C7B681DF6E9"}}
[2025-03-17 03:51:12] [INFO]: Mengirim notifikasi WhatsApp {"recipient":"+6281252461026","form_id":19}
[2025-03-17 03:51:13] [INFO]: Notifikasi berhasil dikirim {"response":{"sukses":true,"pesan":"Notifikasi WhatsApp terkirim!","id":"3EB073C5FDE7587C2EE3A0"}}
[2025-03-17 03:51:36] [INFO]: Mengirim notifikasi WhatsApp {"recipient":"+6281252461026","form_id":19}
[2025-03-17 03:51:36] [INFO]: Notifikasi berhasil dikirim {"response":{"sukses":true,"pesan":"Notifikasi WhatsApp terkirim!","id":"3EB0B57E4385DAC709C959"}}
[2025-03-17 05:53:00] [INFO]: Notifikasi tidak diaktifkan untuk form #11 
[2025-03-17 07:40:53] [INFO]: Mengirim notifikasi WhatsApp {"recipient":"+6281252461026","form_id":19}
[2025-03-17 07:40:55] [ERROR]: Error dari API WhatsApp {"status":404,"response":null}
[2025-03-17 07:51:11] [INFO]: Mengirim notifikasi WhatsApp {"recipient":"+6282116086024","form_id":null}
[2025-03-17 07:51:11] [INFO]: Notifikasi berhasil dikirim {"response":{"sukses":true,"pesan":"Notifikasi WhatsApp terkirim!","id":"3EB00B7DBA284FA32BC21E"}}
[2025-03-17 07:52:14] [INFO]: Mengirim notifikasi WhatsApp {"recipient":"+6281252461026","form_id":19}
[2025-03-17 07:52:14] [INFO]: Notifikasi berhasil dikirim {"response":{"sukses":true,"pesan":"Notifikasi WhatsApp terkirim!","id":"3EB0A604F8A2B02620BFC2"}}
[2025-03-17 07:54:15] [INFO]: Mengirim notifikasi WhatsApp {"recipient":"+6281252461026","form_id":19}
[2025-03-17 07:54:16] [INFO]: Notifikasi berhasil dikirim {"response":{"sukses":true,"pesan":"Notifikasi WhatsApp terkirim!","id":"3EB0347EED8167606B588A"}}
[2025-03-17 08:00:09] [INFO]: Mengirim notifikasi WhatsApp {"recipient":"+6282116086024","form_id":19}
[2025-03-17 08:00:13] [INFO]: Notifikasi berhasil dikirim {"response":{"sukses":true,"pesan":"Notifikasi WhatsApp terkirim!","id":"3EB07CBE7FBB7927D4D196"}}
[2025-03-17 09:12:24] [INFO]: Mengirim notifikasi WhatsApp {"recipient":"+6281252461026","form_id":15}
[2025-03-17 09:12:26] [INFO]: Notifikasi berhasil dikirim {"response":{"sukses":true,"pesan":"Notifikasi WhatsApp terkirim!","id":"3EB00E29AF433CD85B232D"}}
[2025-03-17 14:51:32] [INFO]: Mengirim notifikasi WhatsApp {"recipient":"+6281252461026","form_id":12}
[2025-03-17 14:51:32] [INFO]: Notifikasi berhasil dikirim {"response":{"sukses":true,"pesan":"Notifikasi WhatsApp terkirim!","id":"3EB033693F316D31F66624"}}
[2025-03-17 14:52:01] [INFO]: Mengirim notifikasi WhatsApp {"recipient":"+6281252461026","form_id":12}
[2025-03-17 14:52:01] [INFO]: Notifikasi berhasil dikirim {"response":{"sukses":true,"pesan":"Notifikasi WhatsApp terkirim!","id":"3EB040061ED8A20A1CFB47"}}
[2025-03-17 14:52:20] [INFO]: Mengirim notifikasi WhatsApp {"recipient":"+6281252461026","form_id":12}
[2025-03-17 14:52:20] [INFO]: Notifikasi berhasil dikirim {"response":{"sukses":true,"pesan":"Notifikasi WhatsApp terkirim!","id":"3EB0CEC876E83FCEC8FC37"}}
[2025-03-17 14:52:50] [INFO]: Mengirim notifikasi WhatsApp {"recipient":"+6281252461026","form_id":12}
[2025-03-17 14:52:50] [INFO]: Notifikasi berhasil dikirim {"response":{"sukses":true,"pesan":"Notifikasi WhatsApp terkirim!","id":"3EB0D5A6DC81853B66CB38"}}
[2025-03-17 14:53:15] [INFO]: Mengirim notifikasi WhatsApp {"recipient":"+6282116086024","form_id":12}
[2025-03-17 14:53:15] [INFO]: Notifikasi berhasil dikirim {"response":{"sukses":true,"pesan":"Notifikasi WhatsApp terkirim!","id":"3EB092835C255463EA4379"}}
[2025-03-17 14:53:37] [INFO]: Mengirim notifikasi WhatsApp {"recipient":"+6281252461026","form_id":12}
[2025-03-17 14:53:38] [INFO]: Notifikasi berhasil dikirim {"response":{"sukses":true,"pesan":"Notifikasi WhatsApp terkirim!","id":"3EB0E84228F4D7D7701655"}}
[2025-03-17 14:56:08] [INFO]: Notifikasi tidak diaktifkan untuk form #12 
[2025-03-17 14:56:58] [INFO]: Mengirim notifikasi WhatsApp {"recipient":"+6282116086024","form_id":12}
[2025-03-17 14:56:58] [INFO]: Notifikasi berhasil dikirim {"response":{"sukses":true,"pesan":"Notifikasi WhatsApp terkirim!","id":"3EB004D27A46AF72DAE0A7"}}
[2025-03-17 14:57:59] [INFO]: Notifikasi tidak diaktifkan untuk form #12 
[2025-03-17 23:21:30] [INFO]: Mengirim notifikasi WhatsApp {"recipient":"+6282116086024","form_id":17}
[2025-03-17 23:21:31] [ERROR]: Error dari API WhatsApp {"status":404,"response":null}
[2025-03-17 23:25:31] [INFO]: Mengirim notifikasi WhatsApp {"recipient":"+6282116086024","form_id":null}
[2025-03-17 23:25:31] [INFO]: Notifikasi berhasil dikirim {"response":{"sukses":true,"pesan":"Notifikasi WhatsApp terkirim!","id":"3EB0C4256EB87C6664F7AD"}}
[2025-03-17 23:33:15] [INFO]: Mengirim notifikasi WhatsApp {"recipient":"+6282116086024","form_id":13}
[2025-03-17 23:33:15] [INFO]: Notifikasi berhasil dikirim {"response":{"sukses":true,"pesan":"Notifikasi WhatsApp terkirim!","id":"3EB033899144A44A9B2730"}}
